# Logfile created on 2013-12-30 12:15:35 -0800 by logger.rb/31641
I, [2013-12-30T12:15:35.000611 #8531]  INFO -- : 0:  RedCloth (4.2.9) from /Users/davidbrodsky/.rvm/gems/ruby-1.9.3-p385/specifications/RedCloth-4.2.9.gemspec
I, [2013-12-30T12:15:35.001203 #8531]  INFO -- : 0:  blankslate (2.1.2.4) from /Users/davidbrodsky/.rvm/gems/ruby-1.9.3-p385/specifications/blankslate-2.1.2.4.gemspec
I, [2013-12-30T12:15:35.001607 #8531]  INFO -- : 0:  fast-stemmer (1.0.2) from /Users/davidbrodsky/.rvm/gems/ruby-1.9.3-p385/specifications/fast-stemmer-1.0.2.gemspec
I, [2013-12-30T12:15:35.001991 #8531]  INFO -- : 0:  classifier (1.3.3) from /Users/davidbrodsky/.rvm/gems/ruby-1.9.3-p385/specifications/classifier-1.3.3.gemspec
I, [2013-12-30T12:15:35.002368 #8531]  INFO -- : 0:  colorator (0.1) from /Users/davidbrodsky/.rvm/gems/ruby-1.9.3-p385/specifications/colorator-0.1.gemspec
I, [2013-12-30T12:15:36.365229 #8531]  INFO -- : 0:  highline (1.6.20) from /Users/davidbrodsky/.rvm/gems/ruby-1.9.3-p385/specifications/highline-1.6.20.gemspec
I, [2013-12-30T12:15:36.365798 #8531]  INFO -- : 0:  commander (4.1.5) from /Users/davidbrodsky/.rvm/gems/ruby-1.9.3-p385/specifications/commander-4.1.5.gemspec
I, [2013-12-30T12:15:36.366264 #8531]  INFO -- : 0:  ffi (1.9.3) from /Users/davidbrodsky/.rvm/gems/ruby-1.9.3-p385/specifications/ffi-1.9.3.gemspec
I, [2013-12-30T12:15:36.366734 #8531]  INFO -- : 0:  liquid (2.5.4) from /Users/davidbrodsky/.rvm/gems/ruby-1.9.3-p385/specifications/liquid-2.5.4.gemspec
I, [2013-12-30T12:15:36.367172 #8531]  INFO -- : 0:  rb-fsevent (0.9.4) from /Users/davidbrodsky/.rvm/gems/ruby-1.9.3-p385/specifications/rb-fsevent-0.9.4.gemspec
I, [2013-12-30T12:15:36.367617 #8531]  INFO -- : 0:  rb-inotify (0.9.3) from /Users/davidbrodsky/.rvm/gems/ruby-1.9.3-p385/specifications/rb-inotify-0.9.3.gemspec
I, [2013-12-30T12:15:36.368067 #8531]  INFO -- : 0:  rb-kqueue (0.2.0) from /Users/davidbrodsky/.rvm/gems/ruby-1.9.3-p385/specifications/rb-kqueue-0.2.0.gemspec
I, [2013-12-30T12:15:36.368519 #8531]  INFO -- : 0:  listen (1.3.1) from /Users/davidbrodsky/.rvm/gems/ruby-1.9.3-p385/specifications/listen-1.3.1.gemspec
I, [2013-12-30T12:15:36.368957 #8531]  INFO -- : 0:  maruku (0.7.0) from /Users/davidbrodsky/.rvm/gems/ruby-1.9.3-p385/specifications/maruku-0.7.0.gemspec
I, [2013-12-30T12:15:36.369387 #8531]  INFO -- : 0:  posix-spawn (0.3.8) from /Users/davidbrodsky/.rvm/gems/ruby-1.9.3-p385/specifications/posix-spawn-0.3.8.gemspec
I, [2013-12-30T12:15:36.369824 #8531]  INFO -- : 0:  yajl-ruby (1.1.0) from /Users/davidbrodsky/.rvm/gems/ruby-1.9.3-p385/specifications/yajl-ruby-1.1.0.gemspec
I, [2013-12-30T12:15:36.370247 #8531]  INFO -- : 0:  pygments.rb (0.5.4) from /Users/davidbrodsky/.rvm/gems/ruby-1.9.3-p385/specifications/pygments.rb-0.5.4.gemspec
I, [2013-12-30T12:15:36.370600 #8531]  INFO -- : 0:  redcarpet (2.3.0) from /Users/davidbrodsky/.rvm/gems/ruby-1.9.3-p385/specifications/redcarpet-2.3.0.gemspec
I, [2013-12-30T12:15:36.370951 #8531]  INFO -- : 0:  safe_yaml (0.9.7) from /Users/davidbrodsky/.rvm/gems/ruby-1.9.3-p385/specifications/safe_yaml-0.9.7.gemspec
I, [2013-12-30T12:15:36.371303 #8531]  INFO -- : 0:  parslet (1.5.0) from /Users/davidbrodsky/.rvm/gems/ruby-1.9.3-p385/specifications/parslet-1.5.0.gemspec
I, [2013-12-30T12:15:36.371656 #8531]  INFO -- : 0:  toml (0.1.0) from /Users/davidbrodsky/.rvm/gems/ruby-1.9.3-p385/specifications/toml-0.1.0.gemspec
I, [2013-12-30T12:15:36.372014 #8531]  INFO -- : 0:  jekyll (1.4.2) from /Users/davidbrodsky/.rvm/gems/ruby-1.9.3-p385/specifications/jekyll-1.4.2.gemspec
I, [2013-12-30T12:15:37.689000 #8531]  INFO -- : 0:  kramdown (1.2.0) from /Users/davidbrodsky/.rvm/gems/ruby-1.9.3-p385/specifications/kramdown-1.2.0.gemspec
I, [2013-12-30T12:15:41.842927 #8531]  INFO -- : 0:  rdiscount (2.1.7) from /Users/davidbrodsky/.rvm/gems/ruby-1.9.3-p385/specifications/rdiscount-2.1.7.gemspec
I, [2013-12-30T12:15:42.464735 #8531]  INFO -- : 0:  github-pages (12) from /Users/davidbrodsky/.rvm/gems/ruby-1.9.3-p385/specifications/github-pages-12.gemspec
I, [2013-12-30T12:15:42.465221 #8531]  INFO -- : 0:  bundler (1.5.1) from /Users/davidbrodsky/.rvm/gems/ruby-1.9.3-p385/specifications/bundler-1.5.1.gemspec
